# JRE version: OpenJDK Runtime Environment Temurin-17.0.4.1+1 (17.0.4.1+1) (build 17.0.4.1+1)
# Java VM: OpenJDK 64-Bit Server VM Temurin-17.0.4.1+1 (17.0.4.1+1, mixed mode, tiered, compressed oops, compressed class ptrs, g1 gc, windows-amd64)
GC Precious Log:
 CPUs: 8 total, 8 available
 Memory: 8039M
 Large Page Support: Disabled
 NUMA Support: Disabled
 Compressed Oops: Enabled (32-bit)
 Heap Region Size: 1M
 Heap Min Capacity: 8M
 Heap Initial Capacity: 126M
 Heap Max Capacity: 2010M
 Pre-touch: Disabled
 Parallel Workers: 8
 Concurrent Workers: 2
 Concurrent Refinement Workers: 8
 Periodic GC: Disabled
Heap:
 garbage-first heap   total 48128K, used 26586K [0x0000000082600000, 0x0000000100000000)
  region size 1024K, 6 young (6144K), 2 survivors (2048K)
 Metaspace       used 56036K, committed 56512K, reserved 1105920K
  class space    used 6996K, committed 7232K, reserved 1048576K
GC Heap History (20 events):
Event: 5.565 GC heap before
{Heap before GC invocations=8 (full 0):
 garbage-first heap   total 37888K, used 27179K [0x0000000082600000, 0x0000000100000000)
  region size 1024K, 14 young (14336K), 2 survivors (2048K)
 Metaspace       used 34281K, committed 34624K, reserved 1081344K
  class space    used 4068K, committed 4224K, reserved 1048576K
}
Event: 5.569 GC heap after
{Heap after GC invocations=9 (full 0):
 garbage-first heap   total 37888K, used 16931K [0x0000000082600000, 0x0000000100000000)
  region size 1024K, 2 young (2048K), 2 survivors (2048K)
 Metaspace       used 34281K, committed 34624K, reserved 1081344K
  class space    used 4068K, committed 4224K, reserved 1048576K
}
Event: 5.855 GC heap before
{Heap before GC invocations=9 (full 0):
 garbage-first heap   total 37888K, used 22051K [0x0000000082600000, 0x0000000100000000)
  region size 1024K, 8 young (8192K), 2 survivors (2048K)
 Metaspace       used 35672K, committed 35968K, reserved 1081344K
  class space    used 4265K, committed 4416K, reserved 1048576K
}
Event: 5.859 GC heap after
{Heap after GC invocations=10 (full 0):
 garbage-first heap   total 37888K, used 17740K [0x0000000082600000, 0x0000000100000000)
  region size 1024K, 1 young (1024K), 1 survivors (1024K)
 Metaspace       used 35672K, committed 35968K, reserved 1081344K
  class space    used 4265K, committed 4416K, reserved 1048576K
}
Event: 6.428 GC heap before
{Heap before GC invocations=11 (full 0):
 garbage-first heap   total 37888K, used 27980K [0x0000000082600000, 0x0000000100000000)
  region size 1024K, 12 young (12288K), 1 survivors (1024K)
 Metaspace       used 37886K, committed 38336K, reserved 1089536K
  class space    used 4585K, committed 4800K, reserved 1048576K
}
Event: 6.432 GC heap after
{Heap after GC invocations=12 (full 0):
 garbage-first heap   total 37888K, used 18737K [0x0000000082600000, 0x0000000100000000)
  region size 1024K, 2 young (2048K), 2 survivors (2048K)
 Metaspace       used 37886K, committed 38336K, reserved 1089536K
  class space    used 4585K, committed 4800K, reserved 1048576K
}
Event: 6.757 GC heap before
{Heap before GC invocations=12 (full 0):
 garbage-first heap   total 37888K, used 27953K [0x0000000082600000, 0x0000000100000000)
  region size 1024K, 12 young (12288K), 2 survivors (2048K)
 Metaspace       used 39335K, committed 39744K, reserved 1089536K
  class space    used 4748K, committed 4928K, reserved 1048576K
}
Event: 6.760 GC heap after
{Heap after GC invocations=13 (full 0):
 garbage-first heap   total 37888K, used 19332K [0x0000000082600000, 0x0000000100000000)
  region size 1024K, 1 young (1024K), 1 survivors (1024K)
 Metaspace       used 39335K, committed 39744K, reserved 1089536K
  class space    used 4748K, committed 4928K, reserved 1048576K
}
Event: 7.157 GC heap before
{Heap before GC invocations=14 (full 0):
 garbage-first heap   total 37888K, used 28548K [0x0000000082600000, 0x0000000100000000)
  region size 1024K, 11 young (11264K), 1 survivors (1024K)
 Metaspace       used 41093K, committed 41536K, reserved 1089536K
  class space    used 4967K, committed 5184K, reserved 1048576K
}
Event: 7.160 GC heap after
{Heap after GC invocations=15 (full 0):
 garbage-first heap   total 37888K, used 19904K [0x0000000082600000, 0x0000000100000000)
  region size 1024K, 2 young (2048K), 2 survivors (2048K)
 Metaspace       used 41093K, committed 41536K, reserved 1089536K
  class space    used 4967K, committed 5184K, reserved 1048576K
}
Event: 7.511 GC heap before
{Heap before GC invocations=15 (full 0):
 garbage-first heap   total 37888K, used 29120K [0x0000000082600000, 0x0000000100000000)
  region size 1024K, 11 young (11264K), 2 survivors (2048K)
 Metaspace       used 43483K, committed 43904K, reserved 1089536K
  class space    used 5347K, committed 5568K, reserved 1048576K
}
Event: 7.514 GC heap after
{Heap after GC invocations=16 (full 0):
 garbage-first heap   total 37888K, used 20337K [0x0000000082600000, 0x0000000100000000)
  region size 1024K, 2 young (2048K), 2 survivors (2048K)
 Metaspace       used 43483K, committed 43904K, reserved 1089536K
  class space    used 5347K, committed 5568K, reserved 1048576K
}
Event: 7.922 GC heap before
{Heap before GC invocations=17 (full 0):
 garbage-first heap   total 37888K, used 29553K [0x0000000082600000, 0x0000000100000000)
  region size 1024K, 11 young (11264K), 2 survivors (2048K)
 Metaspace       used 45745K, committed 46208K, reserved 1089536K
  class space    used 5731K, committed 5952K, reserved 1048576K
}
Event: 7.926 GC heap after
{Heap after GC invocations=18 (full 0):
 garbage-first heap   total 37888K, used 20733K [0x0000000082600000, 0x0000000100000000)
  region size 1024K, 2 young (2048K), 2 survivors (2048K)
 Metaspace       used 45745K, committed 46208K, reserved 1089536K
  class space    used 5731K, committed 5952K, reserved 1048576K
}
Event: 8.375 GC heap before
{Heap before GC invocations=18 (full 0):
 garbage-first heap   total 37888K, used 29949K [0x0000000082600000, 0x0000000100000000)
  region size 1024K, 12 young (12288K), 2 survivors (2048K)
 Metaspace       used 49772K, committed 50240K, reserved 1097728K
  class space    used 6181K, committed 6400K, reserved 1048576K
}
Event: 8.379 GC heap after
{Heap after GC invocations=19 (full 0):
 garbage-first heap   total 37888K, used 22054K [0x0000000082600000, 0x0000000100000000)
  region size 1024K, 2 young (2048K), 2 survivors (2048K)
 Metaspace       used 49772K, committed 50240K, reserved 1097728K
  class space    used 6181K, committed 6400K, reserved 1048576K
}
Event: 9.058 GC heap before
{Heap before GC invocations=20 (full 0):
 garbage-first heap   total 39936K, used 30246K [0x0000000082600000, 0x0000000100000000)
  region size 1024K, 10 young (10240K), 2 survivors (2048K)
 Metaspace       used 53470K, committed 54016K, reserved 1097728K
  class space    used 6639K, committed 6912K, reserved 1048576K
}
Event: 9.063 GC heap after
{Heap after GC invocations=21 (full 0):
 garbage-first heap   total 48128K, used 22908K [0x0000000082600000, 0x0000000100000000)
  region size 1024K, 1 young (1024K), 1 survivors (1024K)
 Metaspace       used 53470K, committed 54016K, reserved 1097728K
  class space    used 6639K, committed 6912K, reserved 1048576K
}
Event: 9.455 GC heap before
{Heap before GC invocations=21 (full 0):
 garbage-first heap   total 48128K, used 38268K [0x0000000082600000, 0x0000000100000000)
  region size 1024K, 16 young (16384K), 1 survivors (1024K)
 Metaspace       used 55389K, committed 55872K, reserved 1105920K
  class space    used 6907K, committed 7168K, reserved 1048576K
}
Event: 9.458 GC heap after
{Heap after GC invocations=22 (full 0):
 garbage-first heap   total 48128K, used 23514K [0x0000000082600000, 0x0000000100000000)
  region size 1024K, 2 young (2048K), 2 survivors (2048K)
 Metaspace       used 55389K, committed 55872K, reserved 1105920K
  class space    used 6907K, committed 7168K, reserved 1048576K
}

